Determining if the pthread_create exist failed with the following output:
Change Dir: /home/huanhexiao/WORK/rgbd-slam-tutorial-gx-master/MY_prj/build/CMakeFiles/CMakeTmp

Run Build Command:"/usr/bin/make" "cmTC_5c058/fast"
/usr/bin/make -f CMakeFiles/cmTC_5c058.dir/build.make CMakeFiles/cmTC_5c058.dir/build
make[1]: 正在进入目录 `/home/huanhexiao/WORK/rgbd-slam-tutorial-gx-master/MY_prj/build/CMakeFiles/CMakeTmp'
Building C object CMakeFiles/cmTC_5c058.dir/CheckSymbolExists.c.o
/usr/bin/gcc-4.8    -o CMakeFiles/cmTC_5c058.dir/CheckSymbolExists.c.o   -c /home/huanhexiao/WORK/rgbd-slam-tutorial-gx-master/MY_prj/build/CMakeFiles/CMakeTmp/CheckSymbolExists.c
Linking C executable cmTC_5c058
/usr/local/bin/cmake -E cmake_link_script CMakeFiles/cmTC_5c058.dir/link.txt --verbose=1
/usr/bin/gcc-4.8      -rdynamic CMakeFiles/cmTC_5c058.dir/CheckSymbolExists.c.o  -o cmTC_5c058 
CMakeFiles/cmTC_5c058.dir/CheckSymbolExists.c.o：在函数‘main’中：
CheckSymbolExists.c:(.text+0x16)：对‘pthread_create’未定义的引用
collect2: error: ld returned 1 exit status
make[1]: *** [cmTC_5c058] 错误 1
make[1]:正在离开目录 `/home/huanhexiao/WORK/rgbd-slam-tutorial-gx-master/MY_prj/build/CMakeFiles/CMakeTmp'
make: *** [cmTC_5c058/fast] 错误 2

File /home/huanhexiao/WORK/rgbd-slam-tutorial-gx-master/MY_prj/build/CMakeFiles/CMakeTmp/CheckSymbolExists.c:
/* */
#include <pthread.h>

int main(int argc, char** argv)
{
  (void)argv;
#ifndef pthread_create
  return ((int*)(&pthread_create))[argc];
#else
  (void)argc;
  return 0;
#endif
}

Determining if the function pthread_create exists in the pthreads failed with the following output:
Change Dir: /home/huanhexiao/WORK/rgbd-slam-tutorial-gx-master/MY_prj/build/CMakeFiles/CMakeTmp

Run Build Command:"/usr/bin/make" "cmTC_cf622/fast"
/usr/bin/make -f CMakeFiles/cmTC_cf622.dir/build.make CMakeFiles/cmTC_cf622.dir/build
make[1]: 正在进入目录 `/home/huanhexiao/WORK/rgbd-slam-tutorial-gx-master/MY_prj/build/CMakeFiles/CMakeTmp'
Building C object CMakeFiles/cmTC_cf622.dir/CheckFunctionExists.c.o
/usr/bin/gcc-4.8   -DCHECK_FUNCTION_EXISTS=pthread_create   -o CMakeFiles/cmTC_cf622.dir/CheckFunctionExists.c.o   -c /usr/local/share/cmake-3.10/Modules/CheckFunctionExists.c
Linking C executable cmTC_cf622
/usr/local/bin/cmake -E cmake_link_script CMakeFiles/cmTC_cf622.dir/link.txt --verbose=1
/usr/bin/gcc-4.8  -DCHECK_FUNCTION_EXISTS=pthread_create    -rdynamic CMakeFiles/cmTC_cf622.dir/CheckFunctionExists.c.o  -o cmTC_cf622 -lpthreads 
/usr/bin/ld: 找不到 -lpthreads
collect2: error: ld returned 1 exit status
make[1]: *** [cmTC_cf622] 错误 1
make[1]:正在离开目录 `/home/huanhexiao/WORK/rgbd-slam-tutorial-gx-master/MY_prj/build/CMakeFiles/CMakeTmp'
make: *** [cmTC_cf622/fast] 错误 2


